c:\git.projects\oosddii\oosddii\x64\debug\vc142.pdb
c:\git.projects\oosddii\oosddii\x64\debug\vc142.idb
c:\git.projects\oosddii\oosddii\x64\debug\surgery.obj
c:\git.projects\oosddii\oosddii\x64\debug\patientmenu.obj
c:\git.projects\oosddii\oosddii\x64\debug\patientlogin.obj
c:\git.projects\oosddii\oosddii\x64\debug\patient.obj
c:\git.projects\oosddii\oosddii\x64\debug\oosddii.obj
c:\git.projects\oosddii\oosddii\x64\debug\menu.obj
c:\git.projects\oosddii\oosddii\x64\debug\createsurgery.obj
c:\git.projects\oosddii\oosddii\x64\debug\doctormenu.obj
c:\git.projects\oosddii\oosddii\x64\debug\doctor.obj
c:\git.projects\oosddii\oosddii\x64\debug\doctorlogin.obj
c:\git.projects\oosddii\oosddii\x64\debug\createpatient.obj
c:\git.projects\oosddii\oosddii\x64\debug\createdoctor.obj
c:\git.projects\oosddii\oosddii\x64\debug\oosddii.res
c:\git.projects\oosddii\oosddii\x64\debug\oosddii.pdb
c:\git.projects\oosddii\oosddii\x64\debug\oosddii.tlog\cl.command.1.tlog
c:\git.projects\oosddii\oosddii\x64\debug\oosddii.tlog\cl.read.1.tlog
c:\git.projects\oosddii\oosddii\x64\debug\oosddii.tlog\cl.write.1.tlog
c:\git.projects\oosddii\oosddii\x64\debug\oosddii.tlog\link-cvtres.read.1.tlog
c:\git.projects\oosddii\oosddii\x64\debug\oosddii.tlog\link-cvtres.write.1.tlog
c:\git.projects\oosddii\oosddii\x64\debug\oosddii.tlog\link-rc.read.1.tlog
c:\git.projects\oosddii\oosddii\x64\debug\oosddii.tlog\link-rc.write.1.tlog
c:\git.projects\oosddii\oosddii\x64\debug\oosddii.tlog\link.command.1.tlog
c:\git.projects\oosddii\oosddii\x64\debug\oosddii.tlog\link.read.1.tlog
c:\git.projects\oosddii\oosddii\x64\debug\oosddii.tlog\link.write.1.tlog
c:\git.projects\oosddii\oosddii\x64\debug\oosddii.tlog\rc.command.1.tlog
c:\git.projects\oosddii\oosddii\x64\debug\oosddii.tlog\rc.read.1.tlog
c:\git.projects\oosddii\oosddii\x64\debug\oosddii.tlog\rc.write.1.tlog
